<?xml version="1.0" encoding="UTF-8"?>
<!-- Generated by org.testng.reporters.JUnitXMLReporter -->
<testsuite ignored="0" hostname="LAPTOP-E6I68DPJ" failures="0" tests="15" name="Default test" time="44.535" errors="0" timestamp="2025-01-30T12:30:53 IST">
  <testcase classname="readData.ReadDataProviderWithExel" name="testDataProvider" time="0.352"/>
  <testcase classname="readData.ReadDataProviderWithExel" name="testDataProvider" time="0.529"/>
  <testcase classname="readData.ReadDataProviderWithExel" name="testDataProvider" time="0.365"/>
  <testcase classname="readData.ReadDataProviderWithExel" name="testDataProvider" time="0.339"/>
  <testcase classname="readData.ReadDataProviderWithExel" name="testDataProvider" time="0.327"/>
  <testcase classname="readData.ReadDataProviderWithExel" name="testDataProvider" time="0.305"/>
  <testcase classname="readData.ReadDataProviderWithExel" name="testDataProvider" time="0.251"/>
  <testcase classname="readData.ReadDataProviderWithExel" name="testDataProvider" time="0.279"/>
  <testcase classname="readData.ReadDataProviderWithExel" name="testDataProvider" time="0.256"/>
  <testcase classname="readData.ReadDataProviderWithExel" name="testDataProvider" time="0.285"/>
  <testcase classname="readData.ReadDataProviderWithExel" name="testDataProvider" time="0.289"/>
  <testcase classname="readData.ReadDataProviderWithExel" name="testDataProvider" time="0.311"/>
  <testcase classname="readData.ReadDataProviderWithExel" name="testDataProvider" time="0.316"/>
  <testcase classname="readData.ReadDataProviderWithExel" name="testDataProvider" time="0.283"/>
  <testcase classname="readData.ReadDataProviderWithExel" name="testDataProvider" time="0.302"/>
</testsuite> <!-- Default test -->
