<?xml version="1.0" encoding="UTF-8"?>
<!-- Generated by org.testng.reporters.JUnitXMLReporter -->
<testsuite ignored="0" hostname="LAPTOP-E6I68DPJ" failures="2" tests="5" name="Test" time="0.304" errors="0" timestamp="2025-01-29T11:15:36 IST">
  <testcase classname="report.Testcase" name="testCase01" time="0.01">
    <failure type="junit.framework.AssertionFailedError">
      <![CDATA[junit.framework.AssertionFailedError
at junit.framework.Assert.fail(Assert.java:47)
at junit.framework.Assert.assertTrue(Assert.java:20)
at junit.framework.Assert.assertTrue(Assert.java:27)
at report.Testcase.testCase01(Testcase.java:13)
at java.base/java.util.ArrayList.forEach(ArrayList.java:1597)
... Removed 25 stack frames]]>
    </failure>
  </testcase> <!-- testCase01 -->
  <testcase classname="report.Testcase" name="testCase02" time="0.005">
    <failure type="junit.framework.AssertionFailedError">
      <![CDATA[junit.framework.AssertionFailedError
at junit.framework.Assert.fail(Assert.java:47)
at junit.framework.Assert.assertTrue(Assert.java:20)
at junit.framework.Assert.assertTrue(Assert.java:27)
at report.Testcase.testCase02(Testcase.java:20)
at java.base/java.util.ArrayList.forEach(ArrayList.java:1597)
... Removed 25 stack frames]]>
    </failure>
  </testcase> <!-- testCase02 -->
  <testcase classname="report.Testcase" name="testCase03" time="0.002"/>
  <testcase classname="report.Testcase" name="testCase04" time="0.004"/>
  <testcase classname="report.Testcase" name="testCase05" time="0.004">
    <skipped/>
  </testcase> <!-- testCase05 -->
</testsuite> <!-- Test -->
