<?xml version="1.0" encoding="UTF-8"?>
<testng-results ignored="0" total="1" passed="1" failed="0" skipped="0">
  <reporter-output>
  </reporter-output>
  <suite started-at="2024-09-20T17:16:54 IST" name="Surefire suite" finished-at="2024-09-20T17:16:54 IST" duration-ms="19">
    <groups>
    </groups>
    <test started-at="2024-09-20T17:16:54 IST" name="Surefire test" finished-at="2024-09-20T17:16:54 IST" duration-ms="19">
      <class name="test.automation.AppTest">
        <test-method signature="testApp()[pri:0, instance:testApp(test.automation.AppTest)]" started-at="2024-09-20T17:16:54 IST" name="testApp" finished-at="2024-09-20T17:16:54 IST" duration-ms="4" status="PASS">
          <reporter-output>
          </reporter-output>
        </test-method> <!-- testApp -->
      </class> <!-- test.automation.AppTest -->
    </test> <!-- Surefire test -->
  </suite> <!-- Surefire suite -->
</testng-results>
