<?xml version="1.0" encoding="UTF-8"?>
<testng-results ignored="0" total="15" passed="15" failed="0" skipped="0">
  <reporter-output>
  </reporter-output>
  <suite started-at="2025-01-30T12:30:08 IST" name="Default suite" finished-at="2025-01-30T12:30:53 IST" duration-ms="44535">
    <groups>
    </groups>
    <test started-at="2025-01-30T12:30:08 IST" name="Default test" finished-at="2025-01-30T12:30:53 IST" duration-ms="44535">
      <class name="readData.ReadDataProviderWithExel">
        <test-method is-config="true" signature="setup()[pri:0, instance:readData.ReadDataProviderWithExel@359df09a]" started-at="2025-01-30T12:30:09 IST" name="setup" finished-at="2025-01-30T12:30:13 IST" duration-ms="4098" status="PASS">
          <reporter-output>
          </reporter-output>
        </test-method> <!-- setup -->
        <test-method signature="testDataProvider(java.lang.String,java.lang.String)[pri:0, instance:readData.ReadDataProviderWithExel@359df09a]" started-at="2025-01-30T12:30:13 IST" name="testDataProvider" data-provider="exeldata" finished-at="2025-01-30T12:30:13 IST" duration-ms="352" status="PASS">
          <params>
            <param index="0">
              <value>
                <![CDATA[username]]>
              </value>
            </param>
            <param index="1">
              <value>
                <![CDATA[password]]>
              </value>
            </param>
          </params>
          <reporter-output>
          </reporter-output>
        </test-method> <!-- testDataProvider -->
        <test-method is-config="true" signature="tearDown()[pri:0, instance:readData.ReadDataProviderWithExel@359df09a]" started-at="2025-01-30T12:30:13 IST" name="tearDown" finished-at="2025-01-30T12:30:14 IST" duration-ms="420" status="PASS">
          <reporter-output>
          </reporter-output>
        </test-method> <!-- tearDown -->
        <test-method is-config="true" signature="setup()[pri:0, instance:readData.ReadDataProviderWithExel@359df09a]" started-at="2025-01-30T12:30:14 IST" name="setup" finished-at="2025-01-30T12:30:16 IST" duration-ms="2266" status="PASS">
          <reporter-output>
          </reporter-output>
        </test-method> <!-- setup -->
        <test-method signature="testDataProvider(java.lang.String,java.lang.String)[pri:0, instance:readData.ReadDataProviderWithExel@359df09a]" started-at="2025-01-30T12:30:16 IST" name="testDataProvider" data-provider="exeldata" finished-at="2025-01-30T12:30:17 IST" duration-ms="529" status="PASS">
          <params>
            <param index="0">
              <value>
                <![CDATA[tnpcb-cpcl]]>
              </value>
            </param>
            <param index="1">
              <value>
                <![CDATA[tnpcb-cpcl]]>
              </value>
            </param>
          </params>
          <reporter-output>
          </reporter-output>
        </test-method> <!-- testDataProvider -->
        <test-method is-config="true" signature="tearDown()[pri:0, instance:readData.ReadDataProviderWithExel@359df09a]" started-at="2025-01-30T12:30:17 IST" name="tearDown" finished-at="2025-01-30T12:30:17 IST" duration-ms="341" status="PASS">
          <reporter-output>
          </reporter-output>
        </test-method> <!-- tearDown -->
        <test-method is-config="true" signature="setup()[pri:0, instance:readData.ReadDataProviderWithExel@359df09a]" started-at="2025-01-30T12:30:17 IST" name="setup" finished-at="2025-01-30T12:30:19 IST" duration-ms="1855" status="PASS">
          <reporter-output>
          </reporter-output>
        </test-method> <!-- setup -->
        <test-method signature="testDataProvider(java.lang.String,java.lang.String)[pri:0, instance:readData.ReadDataProviderWithExel@359df09a]" started-at="2025-01-30T12:30:19 IST" name="testDataProvider" data-provider="exeldata" finished-at="2025-01-30T12:30:19 IST" duration-ms="365" status="PASS">
          <params>
            <param index="0">
              <value>
                <![CDATA[aqdm_admin]]>
              </value>
            </param>
            <param index="1">
              <value>
                <![CDATA[critical@1$Uv#]]>
              </value>
            </param>
          </params>
          <reporter-output>
          </reporter-output>
        </test-method> <!-- testDataProvider -->
        <test-method is-config="true" signature="tearDown()[pri:0, instance:readData.ReadDataProviderWithExel@359df09a]" started-at="2025-01-30T12:30:19 IST" name="tearDown" finished-at="2025-01-30T12:30:20 IST" duration-ms="269" status="PASS">
          <reporter-output>
          </reporter-output>
        </test-method> <!-- tearDown -->
        <test-method is-config="true" signature="setup()[pri:0, instance:readData.ReadDataProviderWithExel@359df09a]" started-at="2025-01-30T12:30:20 IST" name="setup" finished-at="2025-01-30T12:30:21 IST" duration-ms="1679" status="PASS">
          <reporter-output>
          </reporter-output>
        </test-method> <!-- setup -->
        <test-method signature="testDataProvider(java.lang.String,java.lang.String)[pri:0, instance:readData.ReadDataProviderWithExel@359df09a]" started-at="2025-01-30T12:30:21 IST" name="testDataProvider" data-provider="exeldata" finished-at="2025-01-30T12:30:22 IST" duration-ms="339" status="PASS">
          <params>
            <param index="0">
              <value>
                <![CDATA[super]]>
              </value>
            </param>
            <param index="1">
              <value>
                <![CDATA[admin]]>
              </value>
            </param>
          </params>
          <reporter-output>
          </reporter-output>
        </test-method> <!-- testDataProvider -->
        <test-method is-config="true" signature="tearDown()[pri:0, instance:readData.ReadDataProviderWithExel@359df09a]" started-at="2025-01-30T12:30:22 IST" name="tearDown" finished-at="2025-01-30T12:30:22 IST" duration-ms="274" status="PASS">
          <reporter-output>
          </reporter-output>
        </test-method> <!-- tearDown -->
        <test-method is-config="true" signature="setup()[pri:0, instance:readData.ReadDataProviderWithExel@359df09a]" started-at="2025-01-30T12:30:22 IST" name="setup" finished-at="2025-01-30T12:30:24 IST" duration-ms="2389" status="PASS">
          <reporter-output>
          </reporter-output>
        </test-method> <!-- setup -->
        <test-method signature="testDataProvider(java.lang.String,java.lang.String)[pri:0, instance:readData.ReadDataProviderWithExel@359df09a]" started-at="2025-01-30T12:30:24 IST" name="testDataProvider" data-provider="exeldata" finished-at="2025-01-30T12:30:25 IST" duration-ms="327" status="PASS">
          <params>
            <param index="0">
              <value>
                <![CDATA[cpcl]]>
              </value>
            </param>
            <param index="1">
              <value>
                <![CDATA[cpcl@123]]>
              </value>
            </param>
          </params>
          <reporter-output>
          </reporter-output>
        </test-method> <!-- testDataProvider -->
        <test-method is-config="true" signature="tearDown()[pri:0, instance:readData.ReadDataProviderWithExel@359df09a]" started-at="2025-01-30T12:30:25 IST" name="tearDown" finished-at="2025-01-30T12:30:25 IST" duration-ms="571" status="PASS">
          <reporter-output>
          </reporter-output>
        </test-method> <!-- tearDown -->
        <test-method is-config="true" signature="setup()[pri:0, instance:readData.ReadDataProviderWithExel@359df09a]" started-at="2025-01-30T12:30:25 IST" name="setup" finished-at="2025-01-30T12:30:27 IST" duration-ms="2088" status="PASS">
          <reporter-output>
          </reporter-output>
        </test-method> <!-- setup -->
        <test-method signature="testDataProvider(java.lang.String,java.lang.String)[pri:0, instance:readData.ReadDataProviderWithExel@359df09a]" started-at="2025-01-30T12:30:27 IST" name="testDataProvider" data-provider="exeldata" finished-at="2025-01-30T12:30:28 IST" duration-ms="305" status="PASS">
          <params>
            <param index="0">
              <value>
                <![CDATA[sonali]]>
              </value>
            </param>
            <param index="1">
              <value>
                <![CDATA[sonali]]>
              </value>
            </param>
          </params>
          <reporter-output>
          </reporter-output>
        </test-method> <!-- testDataProvider -->
        <test-method is-config="true" signature="tearDown()[pri:0, instance:readData.ReadDataProviderWithExel@359df09a]" started-at="2025-01-30T12:30:28 IST" name="tearDown" finished-at="2025-01-30T12:30:28 IST" duration-ms="313" status="PASS">
          <reporter-output>
          </reporter-output>
        </test-method> <!-- tearDown -->
        <test-method is-config="true" signature="setup()[pri:0, instance:readData.ReadDataProviderWithExel@359df09a]" started-at="2025-01-30T12:30:28 IST" name="setup" finished-at="2025-01-30T12:30:30 IST" duration-ms="1910" status="PASS">
          <reporter-output>
          </reporter-output>
        </test-method> <!-- setup -->
        <test-method signature="testDataProvider(java.lang.String,java.lang.String)[pri:0, instance:readData.ReadDataProviderWithExel@359df09a]" started-at="2025-01-30T12:30:30 IST" name="testDataProvider" data-provider="exeldata" finished-at="2025-01-30T12:30:30 IST" duration-ms="251" status="PASS">
          <params>
            <param index="0">
              <value>
                <![CDATA[kavita]]>
              </value>
            </param>
            <param index="1">
              <value>
                <![CDATA[kavita]]>
              </value>
            </param>
          </params>
          <reporter-output>
          </reporter-output>
        </test-method> <!-- testDataProvider -->
        <test-method is-config="true" signature="tearDown()[pri:0, instance:readData.ReadDataProviderWithExel@359df09a]" started-at="2025-01-30T12:30:30 IST" name="tearDown" finished-at="2025-01-30T12:30:30 IST" duration-ms="275" status="PASS">
          <reporter-output>
          </reporter-output>
        </test-method> <!-- tearDown -->
        <test-method is-config="true" signature="setup()[pri:0, instance:readData.ReadDataProviderWithExel@359df09a]" started-at="2025-01-30T12:30:30 IST" name="setup" finished-at="2025-01-30T12:30:32 IST" duration-ms="1985" status="PASS">
          <reporter-output>
          </reporter-output>
        </test-method> <!-- setup -->
        <test-method signature="testDataProvider(java.lang.String,java.lang.String)[pri:0, instance:readData.ReadDataProviderWithExel@359df09a]" started-at="2025-01-30T12:30:32 IST" name="testDataProvider" data-provider="exeldata" finished-at="2025-01-30T12:30:33 IST" duration-ms="279" status="PASS">
          <params>
            <param index="0">
              <value>
                <![CDATA[NMDCC]]>
              </value>
            </param>
            <param index="1">
              <value>
                <![CDATA[NMDCC]]>
              </value>
            </param>
          </params>
          <reporter-output>
          </reporter-output>
        </test-method> <!-- testDataProvider -->
        <test-method is-config="true" signature="tearDown()[pri:0, instance:readData.ReadDataProviderWithExel@359df09a]" started-at="2025-01-30T12:30:33 IST" name="tearDown" finished-at="2025-01-30T12:30:33 IST" duration-ms="272" status="PASS">
          <reporter-output>
          </reporter-output>
        </test-method> <!-- tearDown -->
        <test-method is-config="true" signature="setup()[pri:0, instance:readData.ReadDataProviderWithExel@359df09a]" started-at="2025-01-30T12:30:33 IST" name="setup" finished-at="2025-01-30T12:30:35 IST" duration-ms="1855" status="PASS">
          <reporter-output>
          </reporter-output>
        </test-method> <!-- setup -->
        <test-method signature="testDataProvider(java.lang.String,java.lang.String)[pri:0, instance:readData.ReadDataProviderWithExel@359df09a]" started-at="2025-01-30T12:30:35 IST" name="testDataProvider" data-provider="exeldata" finished-at="2025-01-30T12:30:35 IST" duration-ms="256" status="PASS">
          <params>
            <param index="0">
              <value>
                <![CDATA[ppcb]]>
              </value>
            </param>
            <param index="1">
              <value>
                <![CDATA[ppcb]]>
              </value>
            </param>
          </params>
          <reporter-output>
          </reporter-output>
        </test-method> <!-- testDataProvider -->
        <test-method is-config="true" signature="tearDown()[pri:0, instance:readData.ReadDataProviderWithExel@359df09a]" started-at="2025-01-30T12:30:35 IST" name="tearDown" finished-at="2025-01-30T12:30:35 IST" duration-ms="308" status="PASS">
          <reporter-output>
          </reporter-output>
        </test-method> <!-- tearDown -->
        <test-method is-config="true" signature="setup()[pri:0, instance:readData.ReadDataProviderWithExel@359df09a]" started-at="2025-01-30T12:30:35 IST" name="setup" finished-at="2025-01-30T12:30:37 IST" duration-ms="2019" status="PASS">
          <reporter-output>
          </reporter-output>
        </test-method> <!-- setup -->
        <test-method signature="testDataProvider(java.lang.String,java.lang.String)[pri:0, instance:readData.ReadDataProviderWithExel@359df09a]" started-at="2025-01-30T12:30:37 IST" name="testDataProvider" data-provider="exeldata" finished-at="2025-01-30T12:30:38 IST" duration-ms="285" status="PASS">
          <params>
            <param index="0">
              <value>
                <![CDATA[ppcb]]>
              </value>
            </param>
            <param index="1">
              <value>
                <![CDATA[ppcb]]>
              </value>
            </param>
          </params>
          <reporter-output>
          </reporter-output>
        </test-method> <!-- testDataProvider -->
        <test-method is-config="true" signature="tearDown()[pri:0, instance:readData.ReadDataProviderWithExel@359df09a]" started-at="2025-01-30T12:30:38 IST" name="tearDown" finished-at="2025-01-30T12:30:38 IST" duration-ms="313" status="PASS">
          <reporter-output>
          </reporter-output>
        </test-method> <!-- tearDown -->
        <test-method is-config="true" signature="setup()[pri:0, instance:readData.ReadDataProviderWithExel@359df09a]" started-at="2025-01-30T12:30:38 IST" name="setup" finished-at="2025-01-30T12:30:40 IST" duration-ms="1938" status="PASS">
          <reporter-output>
          </reporter-output>
        </test-method> <!-- setup -->
        <test-method signature="testDataProvider(java.lang.String,java.lang.String)[pri:0, instance:readData.ReadDataProviderWithExel@359df09a]" started-at="2025-01-30T12:30:40 IST" name="testDataProvider" data-provider="exeldata" finished-at="2025-01-30T12:30:40 IST" duration-ms="289" status="PASS">
          <params>
            <param index="0">
              <value>
                <![CDATA[ppcb]]>
              </value>
            </param>
            <param index="1">
              <value>
                <![CDATA[ppcb]]>
              </value>
            </param>
          </params>
          <reporter-output>
          </reporter-output>
        </test-method> <!-- testDataProvider -->
        <test-method is-config="true" signature="tearDown()[pri:0, instance:readData.ReadDataProviderWithExel@359df09a]" started-at="2025-01-30T12:30:40 IST" name="tearDown" finished-at="2025-01-30T12:30:41 IST" duration-ms="370" status="PASS">
          <reporter-output>
          </reporter-output>
        </test-method> <!-- tearDown -->
        <test-method is-config="true" signature="setup()[pri:0, instance:readData.ReadDataProviderWithExel@359df09a]" started-at="2025-01-30T12:30:41 IST" name="setup" finished-at="2025-01-30T12:30:43 IST" duration-ms="2005" status="PASS">
          <reporter-output>
          </reporter-output>
        </test-method> <!-- setup -->
        <test-method signature="testDataProvider(java.lang.String,java.lang.String)[pri:0, instance:readData.ReadDataProviderWithExel@359df09a]" started-at="2025-01-30T12:30:43 IST" name="testDataProvider" data-provider="exeldata" finished-at="2025-01-30T12:30:43 IST" duration-ms="311" status="PASS">
          <params>
            <param index="0">
              <value>
                <![CDATA[ppcb]]>
              </value>
            </param>
            <param index="1">
              <value>
                <![CDATA[ppcb]]>
              </value>
            </param>
          </params>
          <reporter-output>
          </reporter-output>
        </test-method> <!-- testDataProvider -->
        <test-method is-config="true" signature="tearDown()[pri:0, instance:readData.ReadDataProviderWithExel@359df09a]" started-at="2025-01-30T12:30:43 IST" name="tearDown" finished-at="2025-01-30T12:30:43 IST" duration-ms="311" status="PASS">
          <reporter-output>
          </reporter-output>
        </test-method> <!-- tearDown -->
        <test-method is-config="true" signature="setup()[pri:0, instance:readData.ReadDataProviderWithExel@359df09a]" started-at="2025-01-30T12:30:43 IST" name="setup" finished-at="2025-01-30T12:30:45 IST" duration-ms="1893" status="PASS">
          <reporter-output>
          </reporter-output>
        </test-method> <!-- setup -->
        <test-method signature="testDataProvider(java.lang.String,java.lang.String)[pri:0, instance:readData.ReadDataProviderWithExel@359df09a]" started-at="2025-01-30T12:30:45 IST" name="testDataProvider" data-provider="exeldata" finished-at="2025-01-30T12:30:45 IST" duration-ms="316" status="PASS">
          <params>
            <param index="0">
              <value>
                <![CDATA[ppcb]]>
              </value>
            </param>
            <param index="1">
              <value>
                <![CDATA[ppcb]]>
              </value>
            </param>
          </params>
          <reporter-output>
          </reporter-output>
        </test-method> <!-- testDataProvider -->
        <test-method is-config="true" signature="tearDown()[pri:0, instance:readData.ReadDataProviderWithExel@359df09a]" started-at="2025-01-30T12:30:45 IST" name="tearDown" finished-at="2025-01-30T12:30:46 IST" duration-ms="364" status="PASS">
          <reporter-output>
          </reporter-output>
        </test-method> <!-- tearDown -->
        <test-method is-config="true" signature="setup()[pri:0, instance:readData.ReadDataProviderWithExel@359df09a]" started-at="2025-01-30T12:30:46 IST" name="setup" finished-at="2025-01-30T12:30:48 IST" duration-ms="1884" status="PASS">
          <reporter-output>
          </reporter-output>
        </test-method> <!-- setup -->
        <test-method signature="testDataProvider(java.lang.String,java.lang.String)[pri:0, instance:readData.ReadDataProviderWithExel@359df09a]" started-at="2025-01-30T12:30:48 IST" name="testDataProvider" data-provider="exeldata" finished-at="2025-01-30T12:30:48 IST" duration-ms="283" status="PASS">
          <params>
            <param index="0">
              <value>
                <![CDATA[ppcb1]]>
              </value>
            </param>
            <param index="1">
              <value>
                <![CDATA[ppcb]]>
              </value>
            </param>
          </params>
          <reporter-output>
          </reporter-output>
        </test-method> <!-- testDataProvider -->
        <test-method is-config="true" signature="tearDown()[pri:0, instance:readData.ReadDataProviderWithExel@359df09a]" started-at="2025-01-30T12:30:48 IST" name="tearDown" finished-at="2025-01-30T12:30:48 IST" duration-ms="437" status="PASS">
          <reporter-output>
          </reporter-output>
        </test-method> <!-- tearDown -->
        <test-method is-config="true" signature="setup()[pri:0, instance:readData.ReadDataProviderWithExel@359df09a]" started-at="2025-01-30T12:30:48 IST" name="setup" finished-at="2025-01-30T12:30:51 IST" duration-ms="2357" status="PASS">
          <reporter-output>
          </reporter-output>
        </test-method> <!-- setup -->
        <test-method signature="testDataProvider(java.lang.String,java.lang.String)[pri:0, instance:readData.ReadDataProviderWithExel@359df09a]" started-at="2025-01-30T12:30:51 IST" name="testDataProvider" data-provider="exeldata" finished-at="2025-01-30T12:30:51 IST" duration-ms="302" status="PASS">
          <params>
            <param index="0">
              <value>
                <![CDATA[ppcb1]]>
              </value>
            </param>
            <param index="1">
              <value>
                <![CDATA[ppcb]]>
              </value>
            </param>
          </params>
          <reporter-output>
          </reporter-output>
        </test-method> <!-- testDataProvider -->
        <test-method is-config="true" signature="tearDown()[pri:0, instance:readData.ReadDataProviderWithExel@359df09a]" started-at="2025-01-30T12:30:51 IST" name="tearDown" finished-at="2025-01-30T12:30:53 IST" duration-ms="1775" status="PASS">
          <reporter-output>
          </reporter-output>
        </test-method> <!-- tearDown -->
      </class> <!-- readData.ReadDataProviderWithExel -->
    </test> <!-- Default test -->
  </suite> <!-- Default suite -->
</testng-results>
