<?xml version="1.0" encoding="UTF-8"?>
<testng-results ignored="0" total="2" passed="2" failed="0" skipped="0">
  <reporter-output>
  </reporter-output>
  <suite started-at="2024-09-20T17:16:21 IST" name="Default suite" finished-at="2024-09-20T17:16:25 IST" duration-ms="3865">
    <groups>
    </groups>
    <test started-at="2024-09-20T17:16:21 IST" name="Default test" finished-at="2024-09-20T17:16:25 IST" duration-ms="3865">
      <class name="test.automation.FirstGetRequest">
        <test-method signature="BasicAuth()[pri:0, instance:test.automation.FirstGetRequest@2d52216b]" started-at="2024-09-20T17:16:21 IST" name="BasicAuth" finished-at="2024-09-20T17:16:24 IST" duration-ms="3022" status="PASS">
          <reporter-output>
          </reporter-output>
        </test-method> <!-- BasicAuth -->
        <test-method signature="posttc01()[pri:0, instance:test.automation.FirstGetRequest@2d52216b]" started-at="2024-09-20T17:16:24 IST" name="posttc01" finished-at="2024-09-20T17:16:25 IST" duration-ms="800" status="PASS">
          <reporter-output>
          </reporter-output>
        </test-method> <!-- posttc01 -->
      </class> <!-- test.automation.FirstGetRequest -->
    </test> <!-- Default test -->
  </suite> <!-- Default suite -->
</testng-results>
