<?xml version="1.0" encoding="UTF-8"?>
<!-- Generated by org.testng.reporters.JUnitReportReporter -->
<testsuite hostname="LAPTOP-E6I68DPJ" failures="0" tests="2" name="test.automation.FirstGetRequest" time="3.759" errors="0" timestamp="2025-01-10T11:28:02 IST" skipped="0">
  <testcase classname="test.automation.FirstGetRequest" name="BasicAuth" time="3.019"/>
  <testcase classname="test.automation.FirstGetRequest" name="posttc01" time="0.740"/>
</testsuite> <!-- test.automation.FirstGetRequest -->
