<?xml version="1.0" encoding="UTF-8"?>
<!-- Generated by org.testng.reporters.JUnitReportReporter -->
<testsuite hostname="LAPTOP-E6I68DPJ" failures="0" tests="15" name="readData.ReadDataProviderWithExel" time="43.623" errors="0" timestamp="2025-01-30T12:30:53 IST" skipped="0">
  <testcase classname="readData.ReadDataProviderWithExel" name="testDataProvider" time="2.297"/>
  <testcase classname="readData.ReadDataProviderWithExel" name="testDataProvider" time="3.022"/>
  <testcase classname="readData.ReadDataProviderWithExel" name="testDataProvider" time="2.890"/>
  <testcase classname="readData.ReadDataProviderWithExel" name="testDataProvider" time="3.000"/>
  <testcase classname="readData.ReadDataProviderWithExel" name="testDataProvider" time="2.479"/>
  <testcase classname="readData.ReadDataProviderWithExel" name="testDataProvider" time="5.064"/>
  <testcase classname="readData.ReadDataProviderWithExel" name="testDataProvider" time="2.581"/>
  <testcase classname="readData.ReadDataProviderWithExel" name="testDataProvider" time="2.414"/>
  <testcase classname="readData.ReadDataProviderWithExel" name="testDataProvider" time="2.615"/>
  <testcase classname="readData.ReadDataProviderWithExel" name="testDataProvider" time="2.403"/>
  <testcase classname="readData.ReadDataProviderWithExel" name="testDataProvider" time="2.845"/>
  <testcase classname="readData.ReadDataProviderWithExel" name="testDataProvider" time="2.769"/>
  <testcase classname="readData.ReadDataProviderWithExel" name="testDataProvider" time="4.040"/>
  <testcase classname="readData.ReadDataProviderWithExel" name="testDataProvider" time="2.533"/>
  <testcase classname="readData.ReadDataProviderWithExel" name="testDataProvider" time="2.671"/>
</testsuite> <!-- readData.ReadDataProviderWithExel -->
